[    0.000000] Initializing cgroup subsys cpuset
[    0.000000] Initializing cgroup subsys cpu
[    0.000000] Initializing cgroup subsys cpuacct
[    0.000000] Linux version 4.4.0-112-generic (buildd@lgw01-amd64-010) (gcc version 5.4.0 20160609 (Ubuntu 5.4.0-6ubuntu1~16.04.5) ) #135-Ubuntu SMP Fri Jan 19 11:48:36 UTC 2018 (Ubuntu 4.4.0-112.135-generic 4.4.98)
[    0.000000] Command line: BOOT_IMAGE=/boot/vmlinuz-4.4.0-112-generic root=LABEL=cloudimg-rootfs ro console=tty1 console=ttyS0
[    0.000000] KERNEL supported cpus:
[    0.000000]   Intel GenuineIntel
[    0.000000]   AMD AuthenticAMD
[    0.000000]   Centaur CentaurHauls
[    0.000000] x86/fpu: xstate_offset[2]:  576, xstate_sizes[2]:  256
[    0.000000] x86/fpu: Supporting XSAVE feature 0x01: 'x87 floating point registers'
[    0.000000] x86/fpu: Supporting XSAVE feature 0x02: 'SSE registers'
[    0.000000] x86/fpu: Supporting XSAVE feature 0x04: 'AVX registers'
[    0.000000] x86/fpu: Enabled xstate features 0x7, context size is 832 bytes, using 'standard' format.
[    0.000000] x86/fpu: Using 'lazy' FPU context switches.
[    0.000000] e820: BIOS-provided physical RAM map:
[    0.000000] BIOS-e820: [mem 0x0000000000000000-0x000000000009fbff] usable
[    0.000000] BIOS-e820: [mem 0x000000000009fc00-0x000000000009ffff] reserved
[    0.000000] BIOS-e820: [mem 0x00000000000f0000-0x00000000000fffff] reserved
[    0.000000] BIOS-e820: [mem 0x0000000000100000-0x000000003ffeffff] usable
[    0.000000] BIOS-e820: [mem 0x000000003fff0000-0x000000003fffffff] ACPI data
[    0.000000] BIOS-e820: [mem 0x00000000fec00000-0x00000000fec00fff] reserved
[    0.000000] BIOS-e820: [mem 0x00000000fee00000-0x00000000fee00fff] reserved
[    0.000000] BIOS-e820: [mem 0x00000000fffc0000-0x00000000ffffffff] reserved
[    0.000000] NX (Execute Disable) protection: active
[    0.000000] SMBIOS 2.5 present.
[    0.000000] Hypervisor detected: KVM
[    0.000000] e820: last_pfn = 0x3fff0 max_arch_pfn = 0x400000000
[    0.000000] MTRR: Disabled
[    0.000000] x86/PAT: MTRRs disabled, skipping PAT initialization too.
[    0.000000] CPU MTRRs all blank - virtualized system.
[    0.000000] x86/PAT: Configuration [0-7]: WB  WT  UC- UC  WB  WT  UC- UC  
[    0.000000] found SMP MP-table at [mem 0x0009fff0-0x0009ffff] mapped at [ffff88000009fff0]
[    0.000000] Scanning 1 areas for low memory corruption
[    0.000000] RAMDISK: [mem 0x36232000-0x37110fff]
[    0.000000] ACPI: Early table checksum verification disabled
[    0.000000] ACPI: RSDP 0x00000000000E0000 000024 (v02 VBOX  )
[    0.000000] ACPI: XSDT 0x000000003FFF0030 00003C (v01 VBOX   VBOXXSDT 00000001 ASL  00000061)
[    0.000000] ACPI: FACP 0x000000003FFF00F0 0000F4 (v04 VBOX   VBOXFACP 00000001 ASL  00000061)
[    0.000000] ACPI: DSDT 0x000000003FFF0470 0021C8 (v02 VBOX   VBOXBIOS 00000002 INTL 20100528)
[    0.000000] ACPI: FACS 0x000000003FFF0200 000040
[    0.000000] ACPI: FACS 0x000000003FFF0200 000040
[    0.000000] ACPI: APIC 0x000000003FFF0240 00005C (v02 VBOX   VBOXAPIC 00000001 ASL  00000061)
[    0.000000] ACPI: SSDT 0x000000003FFF02A0 0001CC (v01 VBOX   VBOXCPUT 00000002 INTL 20100528)
[    0.000000] No NUMA configuration found
[    0.000000] Faking a node at [mem 0x0000000000000000-0x000000003ffeffff]
[    0.000000] NODE_DATA(0) allocated [mem 0x3ffeb000-0x3ffeffff]
[    0.000000] kvm-clock: Using msrs 4b564d01 and 4b564d00
[    0.000000] kvm-clock: cpu 0, msr 0:3ffe3001, primary cpu clock
[    0.000000] kvm-clock: using sched offset of 3556019340 cycles
[    0.000000] clocksource: kvm-clock: mask: 0xffffffffffffffff max_cycles: 0x1cd42e4dffb, max_idle_ns: 881590591483 ns
[    0.000000] Zone ranges:
[    0.000000]   DMA      [mem 0x0000000000001000-0x0000000000ffffff]
[    0.000000]   DMA32    [mem 0x0000000001000000-0x000000003ffeffff]
[    0.000000]   Normal   empty
[    0.000000]   Device   empty
[    0.000000] Movable zone start for each node
[    0.000000] Early memory node ranges
[    0.000000]   node   0: [mem 0x0000000000001000-0x000000000009efff]
[    0.000000]   node   0: [mem 0x0000000000100000-0x000000003ffeffff]
[    0.000000] Initmem setup node 0 [mem 0x0000000000001000-0x000000003ffeffff]
[    0.000000] ACPI: PM-Timer IO Port: 0x4008
[    0.000000] IOAPIC[0]: apic_id 2, version 32, address 0xfec00000, GSI 0-23
[    0.000000] ACPI: INT_SRC_OVR (bus 0 bus_irq 0 global_irq 2 dfl dfl)
[    0.000000] ACPI: INT_SRC_OVR (bus 0 bus_irq 9 global_irq 9 high level)
[    0.000000] Using ACPI (MADT) for SMP configuration information
[    0.000000] smpboot: Allowing 2 CPUs, 0 hotplug CPUs
[    0.000000] PM: Registered nosave memory: [mem 0x00000000-0x00000fff]
[    0.00000] PM: Registered nosave memory: [mem 0x0009f000-0x0009ffff]
[    0.000000] PM: Registered nosave memory: [mem 0x000a0000-0x000effff]
[    0.000000] PM: Registered nosave memory: [mem 0x000f0000-0x000fffff]
[    0.000000] e820: [mem 0x40000000-0xfebfffff] available for PCI devices
[    0.000000] Booting paravirtualized kernel on KVM
[    0.000000] clocksource: refined-jiffies: mask: 0xffffffff max_cycles: 0xffffffff, max_idle_ns: 7645519600211568 ns
[    0.000000] setup_percpu: NR_CPUS:512 nr_cpumask_bits:512 nr_cpu_ids:2 nr_node_ids:1
[    0.000000] PERCPU: Embedded 34 pages/cpu @ffff88003fc00000 s99544 r8192 d31528 u1048576
[    0.000000] PV qspinlock hash table entries: 256 (order: 0, 4096 bytes)
[    0.000000] Built 1 zonelists in ode order, mobility grouping on.  Total pages: 257913
[    0.000000] Policy zone: DMA32
[    0.000000] Kernel command line: BOOT_IMAGE=/boot/vmlinuz-4.4.0-112-generic root=LABEL=cloudimg-rootfs ro console=tty1 console=ttyS0
[    0.000000] PID hash table entries: 4096 (order: 3, 32768 bytes)
[    0.000000] Memory: 997304K/1048120K available (8499K kernel code, 1309K rwdata, 3988K rodata, 1508K init, 1316K bss, 50816K reserved, 0K cma-reserved)
[    0.000000] SLUB: HWalign=64, Order=0-3, MinObecs0, CPUs=2, Nodes=1
[    0.000000] Kernel/User page tables isolation: enabled
[    0.000000] Hierarchical RCU implementation.
[    0.000000] 	Build-time adjustment of leaf fanout to 64.
[    0.000000] 	RCU restricting CPUs from NR_CPUS=512 to nr_cpu_ids=2.
[    0.000000] RCU: Adjusting geometry for rcu_fanout_leaf=64, nr_cpu_ids=2
[    0.000000] NR_IRQS:33024 nr_irqs:440 16
[    0.000000] Console: colour VGA+ 80x25
[    0.000000] console [tty1] enabled
[    0.000000] console [ttyS0] enabled
[    0.000000] tsc: Detected 2194.918 MHz processor
[   11.423943] Calibrating delay loop (skipped) preset value.. 4389.83 BogoMIPS (lpj=8779672)
[   11.568832] pid_max: default: 32768 minimum: 301
[   11.661668] ACPI: Core revision 20150930
[   11.737437] ACPI: 2 ACPI AML tables successfully acquired and loaded
[   11.852882] Security Framework initialized
[   11.930784] Yama: becoming mindful.
[   11.990303] AppArmor: AppArmor initialized
[   12.063133] Dentry cache hash table entries: 131072 (order: 8, 1048576 bytes)
[   12.167975] Inode-cache hash table entries: 65536 (order: 7, 524288 bytes)
[   12.240125] Mount-cache hash table entries: 2048 (order: 2, 16384 bytes)
[   12.309586] Mountpoint-cache hash table entries: 2048 (order: 2, 16384 bytes)
[   12.452466] Initializing cgroup subsys io
[   12.525223] Initializing cgroup subsys memory
[   12.586155] Initializing cgroup subsys devices
[   12.660373] Initializing cgroup subsys freezer
[   12.750543] Initializing cgroup subsys net_cls
[   12.855694] Initializing cgroup subsys perf_event
[   12.896723] Initializing cgroup subsys net_prio
[   12.904970] Initializing cgroup subsys hugetlb
[   12.993732] Initializing cgroup subsys pids
[   13.089602] CPU: Physical Processor ID: 0
[   13.168278] CPU: Processor Core ID: 0
[   13.236716] FEATURE SPEC_CTRL Not Present
[   13.294094] mce: CPU supports 0 MCE banks
[   13.353815] Last level iTLB entries: 4KB 1024, 2MB 1024, 4MB 1024
[   13.404179] Last level dTLB entries: 4KB 1024, 2MB 1024, 4MB 1024, 1GB 4
[   13.525107] Freeing SMP alternatives memory: 32K
[   13.632310] ftrace: allocating 32180 entries in 126 pages
[   13.774217] smpboot: APIC(0) Converting physical 0 to logical package 0
[   13.903427] smpboot: Max logical packages: 1
[   13.995340] x2apic enabled
[   14.062213] Switched APIC routing to physical x2apic.
[   14.154790] ..TIMER: vector=0x30 apic1=0 pin1=2 apic2=-1 pin2=-1
[   14.408260] smpboot: CPU0: Intel(R) Core(TM) i7-4770HQ CPU @ 2.20GHz (family: 0x6, model: 0x46, stepping: 0x1)
[   14.563142] Performance Events: unsupported p6 CPU model 70 no PMU driver, software events only.
[   14.739481] KVM setup paravirtual spinlock
[   14.832041] x86: Booting SMP configuration:
[   14.912952] .... node  #0, CPUs:      #1
[   14.996501] kvm-clock: cpu 1, msr 0:3ffe3041, secondary cpu clock
[   15.090287] mce: CPU supports 0 MCE banks
[   15.162304] x86: Booted up 1 node, 2 CPUs
[   15.235379] smpboot: Total of 2 processors activated (8779.67 BogoMIPS)
[   15.364706] devtmpfs: initialized
[   15.456223] evm: security.selinux
[   15.533517] evm: security.SMACK64
[   15.577829] evm: security.SMACK64EXEC
[   15.605715] evm: security.SMACK64TRANSMUTE
[   15.679361] evm: security.SMACK64MMAP
[   15.765083] evm: security.ima
[   15.835860] evm: security.capability
[   15.909650] clocksource: jiffies: mask: 0xffffffff max_cycles: 0xffffffff, max_idle_ns: 7645041785100000 ns
[   16.105470] futex hash table entries: 512 (order: 3, 32768 bytes)
[   16.237545] pinctrl core: initialized pinctrl subsystem
[   16.352448] RTC time: 16:18:07, date: 03/16/18
[   16.433042] NET: Registered protocol family 16
[   16.515796] cpuidle: using governor ladder
[   16.616562] cpuidle: using governor menu
[   16.685956] PCCT header not found.
[   16.721550] ACPI: bus type PCI registered
[   16.734672] acpiphp: ACPI Hot Plug PCI Controller Driver version: 0.5
[   16.852141] PCI: Using configuration type 1 for base access
[   16.976475] ACPI: Added _OSI(Module Device)
[   17.050292] ACPI: Added _OSI(Processor Device)
[   17.158587] ACPI: Added _OSI(3.0 _SCP Extensions)
[   17.270787] ACPI: Added _OSI(Processor Aggregator Device)
[   17.370631] ACPI: Executed 1 blocks of module-level executable AML code
[   17.513947] ACPI: Interpreter enabled
[   17.590179] ACPI: (supports S0 S5)
[   17.658643] ACPI: Using IOAPIC for interrupt routing
[   17.758001] PCI: Using host bridge windows from ACPI; if necessary, use "pci=nocrs" and report a bug
[   17.851228] ACPI: PCI Root Bridge [PCI0] (domain 0000 [bus 00-ff])
[   17.957012] acpi PNP0A03:00: _OSC: OS supports [ASPM ClockPM Segments MSI]
[   18.110101] acpi PNP0A03:00: _OSC failed (AE_NOT_FOUND); disabling ASPM
[   18.221759] acpi PNP0A03:00: fail to add MMCONFIG information, can't access extended PCI configuration space under this bridge.
[   18.476245] PCI host bridge to bus 0000:00
[   18.569397] pci_bus 0000:00: root bus resource [io  0x0000-0x0cf7 window]
[   18.719677] pci_bus 0000:00: root bus resource [io  0x0d00-0xffff window]
[   18.879014] pci_bus 0000:00: root bus resource [mem 0x000a0000-0x000bffff window]
[   18.956400] pci_bus 0000:00: root bus resource [mem 0x40000000-0xffdfffff window]
[   18.966430] pci_bus 0000:00: root bus resource [bus 00-ff]
[   18.970296] pci 0000:00:01.1: legacy IDE quirk: reg 0x10: [io  0x01f0-0x01f7]
[   19.100890] pci 0000:00:01.1: legacy IDE quirk: reg 0x14: [io  0x03f6]
[   19.246119] pci 0000:00:01.1: legacy IDE quirk: reg 0x18: [io  0x0170-0x0177]
[   19.396309] pci 0000:00:01.1: legacy IDE quirk: reg 0x1c: [io  0x0376]
[   19.539282] pci 0000:00:07.0: quirk: [io  0x4000-0x403f] claimed by PIIX4 ACPI
[   19.673424] pci 0000:00:07.0: quirk: [io  0x4100-0x410f] claimed by PIIX4 SMB
[   19.835349] ACPI: PCI Interrupt Link [LNKA] (IRQs 5 9 10 *11)
[   19.896012] ACPI: PCI Interrupt Link [LNKB] (IRQs 5 9 10 *11)
[   19.898264] ACPI: PCI Interrupt Link [LNKC] (IRQs 5 9 *10 11)
[   19.900564] ACPI: PCI Interrupt Link [LNKD] (IRQs 5 *9 10 11)
[   19.974729] ACPI: Enabled 2 GPEs in block 00 to 07
[   20.036971] vgaarb: setting as boot device: PCI:0000:00:02.0
[   20.069860] vgaarb: device added: PCI:0000:00:02.0,decodes=io+mem,owns=io+mem,locks=none
[   20.160568] vgaarb: loaded
[   20.221538] vgaarb: bridge control possible 0000:00:02.0
[   20.362027] SCSI subsystem initialized
[   20.433453] ACPI: bus type USB registered
[   20.518759] usbcore: registered new interface driver usbfs
[   20.649040] usbcore: registered new interface driver hub
[   20.788449] usbcore: registered new device driver usb
[   20.884737] PCI: Using ACPI for IRQ routing
[   20.982730] NetLabel: Initializing
[   21.065452] NetLabel:  domain hash size = 128
[   21.136110] NetLabel:  protocols = UNLABELED CIPSOv4
[   21.180499] NetLabel:  unlabeled traffic allowed by default
[   21.330878] amd_nb: Cannot enumerate AMD northbridges
[   21.459577] clocksource: Switched to clocksource kvm-clock
[   21.607240] AppArmor: AppArmor Filesystem Enabled
[   21.732741] pnp: PnP ACPI init
[   21.812649] pnp: PnP ACPI: found 3 devices
[   21.907330] clocksource: acpi_pm: mask: 0xffffff max_cycles: 0xffffff, max_idle_ns: 2085701024 ns
[   22.151797] NET: Registered protocol family 2
[   22.250174] TCP established hash table entries: 8192 (order: 4, 65536 bytes)
[   22.416483] TCP bind hash table entries: 8192 (order: 5, 131072 bytes)
[   22.578840] TCP: Hash tables configured (established 8192 bind 8192)
[   22.764280] UDP hash table entries: 512 (order: 2, 16384 bytes)
[   22.919584] UDP-Lite hash table entries: 512 (order: 2, 16384 bytes)
[   23.091707] NET: Registered protocol family 1
[   23.199065] pci 0000:00:00.0: Limiting direct PCI/PCI transfers
[   23.352055] pci 0000:00:01.0: Activating ISA DMA hang workarounds
[   23.487771] Unpacking initramfs...
[   23.815771] Freeing initrd memory: 15228K
[   23.944762] platform rtc_cmos: registered platform RTC device (no PNP device found)
[   24.115639] Scanning for low memory corruption every 60 seconds
[   24.271723] audit: initializing netlink subsys (disabled)
[   24.395698] audit: type=2000 audit(1521217080.032:1): initialized
[   24.497607] Initialise system trusted keyring
[   24.550146] HugeTLB registered 2 MB page size, pre-allocated 0 pages
[   24.730956] zbud: loaded
[   24.798055] VFS: Disk quotas dquot_6.6.0
[   24.901629] VFS: Dquot-cache hash table entries: 512 (order 0, 4096 bytes)
[   25.090288] tsc: Refined TSC clocksource calibration: 2193.143 MHz
[   25.244484] clocksource: tsc: mask: 0xffffffffffffffff max_cycles: 0x1f9ce56ea7a, max_idle_ns: 440795260453 ns
[   25.244796] squashfs: version 4.0 (2009/01/31) Phillip Lougher
[   25.245006] fuse init (API version 7.23)
[   25.245104] Key type big_key registered
[   25.245127] Allocating IMA MOK and blacklist keyrings.
[   25.245288] Key type asymmetric registered
[   25.245292] Asymmetric key parser 'x509' registered
[   25.245320] Block layer SCSI generic (bsg) driver version 0.4 loaded (major 249)
[   25.245343] io scheduler noop registered
[   25.245344] io scheduler deadline registered (default)
[   25.245367] io scheduler cfq registered
[   25.245455] pci_hotplug: PCI Hot Plug PCI Core version: 0.5
[   25.245459] pciehp: PCI Express Hot Plug Controller Driver version: 0.4
[   25.245926] ACPI: AC Adapter [AC] (on-line)
[   25.245976] input: Power Button as /devices/LNXSYSTM:00/LNXPWRBN:00/input/input0
[   25.245979] ACPI: Power Button [PWRF]
[   25.246138] input: Sleep Button as /devices/LNXSYSTM:00/LNXSLPBN:00/input/input1
[   25.246140] ACPI: Sleep Button [SLPF]
[   25.246297] GHES: HEST is not enabled!
[   25.247539] ACPI: Battery Slot [BAT0] (battery present)
[   25.247579] Serial: 8250/16550 driver, 32 ports, IRQ sharing enabled
[   25.527986] 00:02: ttyS0 at I/O 0x3f8 (irq = 4, base_baud = 115200) is a 16550A
[   25.667829] Linux agpgart interface v0.103
[   25.755923] loop: module loaded
[   25.756426] scsi host0: ata_piix
[   25.756473] scsi host1: ata_piix
[   25.756498] ata1: PATA max UDMA/33 cmd 0x1f0 ctl 0x3f6 bmdma 0xd000 irq 14
[   25.756499] ata2: PATA max UDMA/33 cmd 0x170 ctl 0x376 bmdma 0xd008 irq 15
[   25.756556] libphy: Fixed MDIO Bus: probed
[   25.756558] tun: Universal TUN/TAP device driver, 1.6
[   25.756558] tun: (C) 1999-204 Max Krasnyansky <maxk@qualcomm.com>
[   25.756900] PPP generic driver version 2.4.2
[   25.756955] ehci_hcd: USB 2.0 'Enhanced' Host Controller (EHCI) Driver
[   25.756958] ehci-pci: EHCI PCI platform driver
[   25.756971] ehci-platform: EHCI generic platform driver
[   25.756978] ohci_hcd: USB 1.1 'Open' Host Controller (OHCI) Driver
[   25.756981] ohci-pci: OHCI PCI platform driver
[   25.756987] ohci-platform: OHCI generic platform driver
[   25.756994] uhci_hcd: USB Universal Host Controller Interface driver
[   25.757042] i8042: PNP: PS/2 Controller [PNP0303:PS2K,PNP0f03:PS2M] at 0x60,0x64 irq 1,12
[   25.840953] serio: i8042 KBD port at 0x60,0x64 irq 1
[   25.840958] serio: i8042 AUX port at 0x60,0x64 irq 12
[   25.841100] mousedev: PS/2 mouse device common for all mice
[   25.841511] rtc_cmos rtc_cmos: rtc core: registered rtc_cmos as rtc0
[   25.841573] rtc_cmos rtc_cmos: alarms up to one day, 114 bytes nvram
[   25.841580] i2c /dev entries driver
[   25.841643] device-mapper: uevent: version 1.0.3
[   25.841698] device-mapper: ioctl: 4.34.0-ioctl (2015-10-28) initialised: dm-devel@redhat.com
[   25.841718] ledtrig-cpu: registered to indicate activity on CPUs
[   25.842033] NET: Registered protocol family 10
[   25.842175] NET: Registered protocol family 17
[   25.842185] Key type dns_resolver registered
[   25.971983] microcode: CPU0 sig=0x40661, pf=0x40, revision=0x0
[   25.972012] microcode: CPU1 sig=0x40661, pf=0x40, revision=0x0
[   25.972086] microcode: Microcode Update Driver: v2.01 <tigran@aivazian.fsnet.co.uk>, Peter Oruba
[   25.972192] registered taskstats version 1
[   25.972204] Loading compiled-in X.509 certificates
[   25.972798] Loaded X.509 cert 'Build time autogenerated kernel key: 4c603087bab8f0a02cb3b4e1fb4c40f507e71ef1'
[   25.972817] zswap: loaded using pool lzo/zbud
[   25.974464] Key type trusted registered
[   25.977513] Key type encrypted registered
[   25.977518] AppArmor: AppArmor sha1 policy hashing enabled
[   25.977522] ima: No TPM chip found, activating TPM-bypass!
[   25.977543] evm: HMAC attrs: 0x1
[   25.977827]   Magic number: 10:152:338
[   25.977843] tty tty59: hash matches
[   26.076018] rtc_cmos rtc_cmos: setting system clock to 2018-03-16 16:18:17 UTC (1521217097)
[   26.076182] BIOS EDD facility v0.16 2004-Jun-25, 0 devices found
[   26.076182] EDD information not available.
[   26.603729] input: AT Translated Set 2 keyboard as /devices/platform/i8042/serio0/input/input2
[   32.151409] Freeing unused kernel memory: 1508K
[   32.261612] Write protecting the kernel read-only data: 14336k
[   32.317776] Freeing unused kernel memory: 1728K
[   32.396615] Freeing unused kernel memory: 108K
Loading, please [   32.580326] random: systemd-udevd: uninitialized urandom read (16 bytes read, 4 bits of entropy available)
wait...
startin[   32.580963] random: udevadm: uninitialized urandom read (16 bytes read, 4 bits of entropy available)
g version 229
[   32.580984] random: udevadm: uninitialized urandom read (16 bytes read, 4 bits of entropy available)
[   32.591576] random: udevadm: uninitialized urandom read (16 bytes read, 4 bits of entropy available)
[   32.591632] random: udevadm: uninitialized urandom read (16 bytes read, 4 bits of entropy available)
[   32.591791] random: udevadm: uninitialized urandom read (16 bytes read, 4 bits of entropy available)
[   32.591853] random: udevadm: uninitialized urandom read (16 bytes read, 4 bits of entropy available)
[   32.591912] random: udevadm: uninitialized urandom read (16 bytes read, 4 bits of entropy available)
[   32.591975] random: udevadm: uninitialized urandom read (16 bytes read, 4 bits of entropy available)
[   32.592037] random: udevadm: uninitialized urandom read (16 bytes read, 4 bits of entropy available)
[   34.570982] e1000: Intel(R) PRO/1000 Network Driver - version 7.3.21-k8-NAPI
[   34.911988] e1000: Copyright (c) 1999-2006 Intel Corporation.
[   34.965960] Fusion MPT base driver 3.04.20
[   35.040966] Copyright (c) 1999-2008 LSI Corporation
[   35.126428] AVX version of gcm_enc/dec engaged.
[   35.217744] AES CTR mode by8 optimization enabled
[   35.320824] input: ImExPS/2 Generic Explorer Mouse as /devices/platform/i8042/serio1/input/input4
[   35.549452] Fusion MPT SPI Host driver 3.04.20
[   35.729706] e1000 0000:00:03.0 eth0: (PCI:33MHz:32-bit) 02:1f:2a:60:99:e3
[   35.890684] e1000 0000:00:03.0 eth0: Intel(R) PRO/1000 Network Connection
[   36.054545] e1000 0000:00:03.0 enp0s3: renamed from eth0
[   36.249730] mptbase: ioc0: Initiating bringup
[   36.416290] ioc0: LSI53C1030 A0: Capabilities={Initiator}
[   36.709756] scsi host2: ioc0: LSI53C1030 A0, FwRev=00000000h, Ports=1, MaxQ=256, IRQ=20
[   37.012147] scsi 2:0:0:0: Direct-Access     VBOX     HARDDISK         1.0  PQ: 0 ANSI: 5
[   37.201057] scsi target2:0:0: Beginning Domain Validation
[   37.322380] scsi target2:0:0: Domain Validation skipping write tests
[   37.468170] scsi target2:0:0: Ending Domain Validation
[   37.585862] scsi target2:0:0: asynchronous
[   37.681017] scsi 2:0:1:0: Direct-Access     VBOX     HARDDISK         1.0  PQ: 0 ANSI: 5
[   37.875602] scsi target2:0:1: Beginning Domain Validation
[   38.027448] floppy0: no floppy controllers found
[   38.157154] scsi target2:0:1: Domain Validation skipping write tests
[   38.318218] scsi target2:0:1: Ending Domain Validation
[   38.452733] scsi target2:0:1: asynchronous
[   38.554722] sd 2:0:0:0: Attached scsi generic sg0 type 0
[   38.698021] sd 2:0:0:0: [sda] 20971520 512-byte logical blocks: (10.7 GB/10.0 GiB)
[   38.892111] sd 2:0:1:0: Attached scsi generic sg1 type 0
[   38.969620] sd 2:0:1:0: [sdb] 20480 512-byte logical blocks: (10.5 MB/10.0 MiB)
[   39.116796] sd 2:0:0:0: [sda] Write Protect is off
[   39.234338] sd 2:0:1:0: [sdb] Write Protect is off
[   39.346717] sd 2:0:0:0: [sda] Incomplete mode parameter data
[   39.490323] sd 2:0:0:0: [sda] Assuming drive cache: write through
[   39.621703] sd 2:0:1:0: [sdb] Incomplete mode parameter data
[   39.624976]  sda: sda1
[   39.625895] sd 2:0:0:0: [sda] Attached SCSI disk
[   39.991935] sd 2:0:1:0: [sdb] Assuming drive cache: write through
[   40.051923] sd 2:0:1:0: [sdb] Attached SCSI disk
Begin: Loading e[   41.438423] md: linear personality registered for level -1
ssential drivers[   41.525828] md: multipath personality registered for level -4
 ... [   41.678916] md: raid0 personality registered for level 0
[   41.799703] md: raid1 personality registered for level 1
[   42.003585] raid6: sse2x1   gen() 10339 MB/s
[   42.151786] raid6: sse2x1   xor()  7580 MB/s
[   42.311661] raid6: sse2x2   gen() 11003 MB/s
[   42.455961] raid6: sse2x2   xor()  7934 MB/s
[   42.583785] raid6: sse2x4   gen() 13917 MB/s
[   42.699605] raid6: sse2x4   xor()  9971 MB/s
[   42.782993] raid6: using algorithm sse2x4 gen() 13917 MB/s
[   42.892111] raid6: .... xor() 9971 MB/s, rmw enabled
[   42.998928] raid6: using ssse3x2 recovery algorithm
[   43.098364] xor: automatically using best checksumming function:
[   43.239858]    avx       : 22267.000 MB/sec
[   43.336989] async_tx: api initialized (async)
[   43.393208] md: raid6 personality registered for level 6
[   43.463663] md: raid5 personality registered for level 5
[   43.573841] md: raid4 personality registered for level 4
[   43.706867] md: raid10 personality registered for level 10
done.
Begin: Running /scripts/init-premount ... done[   43.853567] Btrfs loaded
.
Begin: Mounting root file system ... Begin: R[   43.957353] EXT4-fs (sda1): INFO: recovery required on readonly filesystem
unning /scripts/[   44.182079] EXT4-fs (sda1): write access will be enabled during recovery
local-top ... done.
Begin: Running /scripts/local-premount ... Scanning for Btrfs filesystems
done.
Warning: fsck not present, so skipping root file system
[   44.571745] EXT4-fs (sda1): recovery complete
[   44.602135] EXT4-fs (sda1): mounted filesystem with ordered data mode. Opts: (null)
done.
Begin: Running /scripts/local-bottom ... done.
Begin: Running /scripts/init-bottom ... done.
[   44.938288] systemd[1]: systemd 229 running in system mode. (+PAM +AUDIT +SELINUX +IMA +APPARMOR +SMACK +SYSVINIT +UTMP +LIBCRYPTSETUP +GCRYPT +GNUTLS +ACL +XZ -LZ4 +SECCOMP +BLKID +ELFUTILS +KMOD -IDN)
[   45.070489] systemd[1]: Detected virtualization oracle.
[   45.128196] systemd[1]: Detected architecture x86-64.

Welcome to [1mUbuntu 16.04.3 LTS[0m!

[   45.220717] systemd[1]: Set hostname to <ubuntu-xenial>.
[   45.472594] systemd[1]: Created slice System Slice.
[[0;32m  OK  [0m] Created slice System Slice.
[   45.605731] systemd[1]: Created slice system-postgresql.slice.
[[0;32m  OK  [0m] Created slice system-postgresql.slice.
[   45.655353] systemd[1]: Listening on udev Kernel Socket.
[[0;32m  OK  [0m] Listening on udev Kernel Socket.
[   45.796439] systemd[1]: Listening on LVM2 poll daemon socket.
[[0;32m  OK  [0m] Listening on LVM2 poll daemon socket.
[   45.944286] systemd[1]: Listening on Journal Audit Socket.
[[0;32m  OK  [0m] Listening on Journal Audit Socket.
[   46.052009] systemd[1]: Listening on udev Control Socket.
[[0;32m  OK  [0m] Listening on udev Control Socket.
[   46.156400] systemd[1]: Started Forward Password Requests to Wall Directory Watch.
[[0;32m  OK  [0m] Started Forward Password Requests to Wall Directory Watch.
[   46.276034] systemd[1]: Listening on Syslog Socket.
[[0;32m  OK  [0m] Listening on Syslog Socket.
[   46.389325] systemd[1]: Started Trigger resolvconf update for networkd DNS.
[[0;32m  OK  [0m] Started Trigger resolvconf update for networkd DNS.
[   46.484343] systemd[1]: Reached target Encrypted Volumes.
[[0;32m  OK  [0m] Reached target Encrypted Volumes.
[   46.639974] systemd[1]: Listening on Device-mapper event daemon FIFOs.
[[0;32m  OK  [0m] Listening on Device-mapper event daemon FIFOs.
[   46.736254] systemd[1]: Listening on /dev/initctl Compatibility Named Pipe.
[[0;32m  OK  [0m] Listening on /dev/initctl Compatibility Named Pipe.
[   46.837181] systemd[1]: Created slice system-serial\x2dgetty.slice.
[[0;32m  OK  [0m] Created slice system-serial\x2dgetty.slice.
[   47.028885] systemd[1]: Created slice User and Session Slice.
[[0;32m  OK  [0m] Created slice User and Session Slice.
[   47.240384] systemd[1]: Listening on LVM2 metadata daemon socket.
[[0;32m  OK  [0m] Listening on LVM2 metadata daemon socket.
[   47.448341] systemd[1]: Listening on Journal Socket (/dev/log).
[[0;32m  OK  [0m] Listening on Journal Socket (/dev/log).
[   47.651921] systedd[1]: Reached target Swap.
[[0;32m  OK  [0m] Reached target Swap.
[   47.855915] systemd[1]: Reached target User and Group Name Lookups.
[[0;32m  OK  [0m] Reached target User and Group Name Lookups.
[   47.961020] systemd[1]: Reached target Slices.
[[0;32m  OK  [0m] Reached target Slices.
[   48.224524] systemd[1]: Listening on Journal Socket.
[[0;32m  OK  [0m] Listening on Journal Socket.
[   48.492132] systemd[1]: Starting Remount Root and Kernel File Systems...
[   48.494602] random: nonblocking pool is initialized
[   48.503222] EXT4-fs (sda1): re-mounted. Opts: (null)
         Starting Remount Root and Kernel File Systems...
[   49.028490] systemd[1]: Starting Nameserver information manager...
         Starting Nameserver information manager...
[   49.316202] systemd[1]: Starting Journal Service...
         Starting Journal Service...
[   49.551899] systemd[1]: Mounting POSIX Message Queue File System...
         Mounting POSIX Message Queue File System...
[   49.828044] systemd[1]: Starting Uncomplicated firewall...
         Starting Uncomplicated firewall...
[   50.024011] systemd[1]: Mounting Huge Pages File System...
         Mounting Huge Pages File System...
[   50.112330] systemd[1]: Starting Set console keymap...
         Starting Set console keymap...
[   50.304289] systemd[1]: Starting Create list of required static device nodes for the current kernel...
         Starting Create list of required st... nodes for the current kernel...
[   50.788302] systemd[1]: Mounting Debug File System...
         Mounting Debug File System...
[   51.012305] systemd[1]: Starting Monitoring of LVM2 mirrors, snapshots etc. using dmeventd or progress polling...
         Starting Monitoring of LVM2 mirrors... dmeventd or progress polling...
[   51.244764] systemd[1]: Set up automount Arbitrary Executable File Formats File System Automount Point.
[[0;32m  OK  [0m] Set up automount Arbitrary Executab...ats File System Automount Point.
[   51.608332] systemd[1]: Starting Load Kernel Modules...
         [   51.692280] Loading iSCSI transport class v2.0-870.
Starting Load Ke[   51.870516] iscsi: registered transport (tcp)
rnel Modules...
[   52.022183] iscsi: registered transport (iser)
[   52.221132] systemd[1]: Mounted Huge Pages File System.
[[0;32m  OK  [0m] Mounted Huge Pages File System.
[   52.332328] systemd[1]: Mounted Debug File System.
[[0;32m  OK  [0m] Mounted Debug File System.
[   52.508069] systemd[1]: Mounted POSIX Message Queue File System.
[[0;32m  OK  [0m] Mounted POSIX Message Queue File System.
[   52.716448] systemd[1]: Started Journal Service.
[[0;32m  OK  [0m] Started Journal Service.
[[0;32m  OK  [0m] Started Remount Root and Kernel File Systems.
[[0;32m  OK  [0m] Started Uncomplicated firewall.
[[0;32m  OK  [0m] Started Set console keymap.
[[0;32m  OK  [0m] Started Create list of required sta...ce nodes for the current kernel.
[[0;32m  OK  [0m] Started Load Kernel Modules.
[[0;32m  OK  [0m] Started Nameserver information manager.
[[0;32m  OK  [0m] Started LVM2 metadata daemon.
         Mounting FUSE Control File System...
         Starting Apply Kernel Variables...
         Starting Create Static Device Nodes in /dev...
         Starting Load/Save Random Seed...
         Starting Initial cloud-init job (pre-networking)...
         Starting udev Coldplug all Devices...
         Starting Flush Journal to Persistent Storage...
[[0;32m  OK  [0m] Mounted FUSE Control File System.
[[0;32m  OK  [0m] Started Apply Kernel Variables.
[[0;32m  OK  [0m] Started Create Static Device Nodes in /dev.
[[0;32m  OK  [0m] Started Load/Save Random Seed.
         Starting udev Kernel Device Manager...
[[0;32m  OK  [0m] Started udev Kernel Device Manager.
[[0;32m  OK  [0m] Started Flush Journal to Persistent Storage.
[[0;32m  OK  [0m] Started Monitoring of LVM2 mirrors,...ng dmeventd or progress polling.
[[0;32m  OK  [0m] Started udev Coldplug all Devices.
[[0;32m  OK  [0m] Found device /dev/ttyS0.
[[0;32m  OK  [0m] Started Dispatch Password Requests to Console Directory Watch.
[[0;32m  OK  [0m] Reached target Local File Systems (Pre).
[[0;32m  OK  [0m] Reached target Local File Systems.
         Starting Set console font and keymap...
[   33.883499] cloud-init[461]: Cloud-init v. 17.1 running 'init-local' at Fri, 16 Mar 2018 16:18:45 +0000. Up 33.48 seconds.
         Starting Create Volatile Files and Directories...
         Starting LSB: AppArmor initialization...
         Starting Tell Plymouth To Write Out Runtime Data...
[[0;32m  OK  [0m] Started Create Volatile Files and Directories.
[[0;32m  OK  [0m] Started Tell Plymouth To Write Out Runtime Data.
[[0;32m  OK  [0m] Started Initial cloud-init job (pre-networking).
[[0;32m  OK  [0m] Started Set console font and keymap.
[[0;32m  OK  [0m] Listening on Load/Save RF Kill Switch Status /dev/rfkill Watch.
[[0;32m  OK  [0m] Created slice system-getty.slice.
[[0;32m  OK  [0m] Reached target Network (Pre).
[[0;32m  OK  [0m] Reached target System Time Synchronized.
         Starting Update UTMP about System Boot/Shutdown...
[[0;32m  OK  [0m] Started LSB: AppArmor initialization.
[[0;32m  OK  [0m] Started Update UTMP about System Boot/Shutdown.
         Starting Raise network interfaces...
[[0;32m  OK  [0m] Started ifup for enp0s3.
[[0;32m  OK  [0m] Started Raise network interfaces.
[[0;32m  OK  [0m] Reached target Network.
         Starting Initial cloud-init job (metadata service crawler)...
[   36.986214] cloud-init[969]: Cloud-init v. 17.1 running 'init' at Fri, 16 Mar 2018 16:18:48 +0000. Up 36.68 seconds.
[   37.056663] [cloud-init[0;32m  OK  [0m[969]: ] ci-info: +++++++++++++++++++++++++++++++++++++Net device info++++++++++++++++++++++++++++++++++++++Started Initial cloud-init job (metadata service crawler).

[   37.057495] cloud-init[969]: ci-info: +--------+------+----------------------------+---------------+-------+-------------------+
[   37.075744] [[0;32m  OK  [0m] Reached target Network is Online.
cloud-init[969]: ci-info: | Device |  Up  |          Address           |      Mask     | Scope |     Hw-Address    |
[   37.192667] cloud-init[969]: ci-info: +--------+------+----------------------------+---------------+-------+-------------------+
         Starting iSCSI initiator daemon (iscsid)...
[   37.193455] [cloud-init[0;32m  OK  [0m[969]: ] ci-info: | enp0s3 | True |         10.0.2.15          | 255.255.255.0 |   .   | 02:1f:2a:60:99:e3 |Reached target Cloud-config availability.

[   37.544447] [cloud-init[0;32m  OK  [0m[969]: ] ci-info: | enp0s3 | True | fe80::1f:2aff:fe60:99e3/64 |       .       |  link | 02:1f:2a:60:99:e3 |Reached target System Initialization.

[   37.545223] cloud-init[969]: ci-info: |   lo   | True |         127.0.0.1          |   255.0.0.0   |   .   |         .         |
[[0;32m  OK  [0m] Listening on ACPID Listen Socket.
[   37.645356] cloud-init[969]: ci-info: |   lo   | True |          ::1/128           |       .       |  host |         .         |
[   37.775279] [cloud-init[0;32m  OK  [0m[969]: ] ci-info: +--------+------+----------------------------+---------------+-------+-------------------+Started Daily apt download activities.

[[0;32m  OK  [0m] Started Timer to automatically refresh installed snaps.
[[0;32m  OK  [0m] Listening on UUID daemon activation socket.
[   37.776132] cloud-init[969]: ci-info: +++++++++++++++++++++++++++Route IPv4 info++++++++++++++++++++++++++++
[   37.996730]          cloud-initStarting LXD - unix socket.[969]: 
ci-info: +-------+-------------+----------+---------------+-----------+-------+
[   38.088472] [cloud-init[0;32m  OK  [0m[969]: ] ci-info: | Route | Destination | Gateway  |    Genmask    | Interface | Flags |Listening on D-Bus System Message Bus Socket.

[[0;32m  OK  [0m] Started Daily Cleanup of Temporary Directories.
[[0;32m  OK  [0m] Started Daily apt upgrade and clean activities.
[[0;32m  OK  [0m] Reached target Timers.
[   38.089300] cloud-init[969]: ci-info: +-------+-------------+----------+---------------+-----------+-------+
[   38.344500]          Starting Socket activation for snappy daemon.cloud-init
[969]: ci-info: |   0   |   0.0.0.0   | 10.0.2.2 |    0.0.0.0    |   enp0s3  |   UG  |
[   38.426078] cloud-init[969]: ci-info: |   1   |   10.0.2.0  | 0.0.0.0  | 255.255.255.0 |   enp0s3  |   U   |
[[0;32m  OK  [0m] Started ACPI Events Check.
[[0;32m  OK  [0m] Reached target Paths.
[   38.426983] cloud-init[969]: ci-info: +-------+-------------+----------+---------------+-----------+-------+
[[0;32m  OK  [0m] Listening on LXD - unix socket.
[[0;32m  OK  [0m] Listening on Socket activation for snappy daemon.
[[0;32m  OK  [0m] Started iSCSI initiator daemon (iscsid).
         Starting Login to default iSCSI targets...
[[0;32m  OK  [0m] Reached target Sockets.
[[0;32m  OK  [0m] Reached target Basic System.
[[0;32m  OK  [0m] Started Unattended Upgrades Shutdown.
         Starting System Logging Service...
[[0;32m  OK  [0m] Started Regular background program processing daemon.
         Starting LXD - container startup/shutdown...
         Starting Apply the settings specified in cloud-config...
[[0;32m  OK  [0m] Started FUSE filesystem for LXC.
[[0;32m  OK  [0m] Started Deferred execution scheduler.
         Starting /etc/rc.local Compatibility...
         Starting PostgreSQL Cluster 9.5-main...
         Starting LSB: MD monitoring daemon...
         Starting LSB: Record successful boot for GRUB...
         Starting Snappy daemon...
[[0;32m  OK  [0m] Started ACPI event daemon.
         Starting OpenBSD Secure Shell server...
[[0;32m  OK  [0m] Started D-Bus System Message Bus.
[   39.602712] cloud-init[1041]: Cloud-init v. 17.1 running 'modules:config' at Fri, 16 Mar 2018 16:18:51 +0000. Up 39.31 seconds.
         Starting Accounts Service...
         Starting Login Service...
[[0;32m  OK  [0m] Started System Logging Service.
[[0;32m  OK  [0m] Started OpenBSD Secure Shell server.
[[0;32m  OK  [0m] Started Snappy daemon.
[[0;32m  OK  [0m] Started LXD - container startup/shutdown.
[[0;32m  OK  [0m] Started Apply the settings specified in cloud-config.
[[0;32m  OK  [0m] Started /etc/rc.local Compatibility.
[[0;32m  OK  [0m] Started Login to default iSCSI targets.
[[0;32m  OK  [0m] Started LSB: MD monitoring daemon.
[[0;32m  OK  [0m] Started LSB: Record successful boot for GRUB.
         Starting Authenticate and Authorize Users to Run Privileged Tasks...
[[0;32m  OK  [0m] Reached target Remote File Systems (Pre).
[[0;32m  OK  [0m] Reached target Remote File Systems.
         Starting LSB: VirtualBox Linux Additions...
         Starting LSB: automatic crash report generation...
         Starting LSB: Set the CPU Frequency Scaling governor to "ondemand"...
         Starting LSB: daemon to balance interrupts for SMP systems...
         Starting Permit User Sessions...
         Starting LSB: Start/stop sysstat's sadc...
[[0;32m  OK  [0m] Started Permit User Sessions.
[[0;32m  OK  [0m] Started Login Service.
[[0;32m  OK  [0m] Started Authenticate and Authorize Users to Run Privileged Tasks.
[[0;32m  OK  [0m] Started Accounts Service.
[[0;32m  OK  [0m] Started LSB: Set the CPU Frequency Scaling governor to "ondemand".
[[0;32m  OK  [0m] Started LSB: VirtualBox Linux Additions.
[[0;32m  OK  [0m] Started LSB: automatic crash report generation.
[[0;32m  OK  [0m] Created slice User Slice of vagrant.
[[0;32m  OK  [0m] Started Session 1 of user vagrant.
         Starting User Manager for UID 1000...
         Starting Hold until boot process finishes up...
         Starting Terminate Plymouth Boot Screen...
[[0;32m  OK  [0m] Started User Manager for UID 1000.
[[0;32m  OK  [0m] Started LSB: daemon to balance interrupts for SMP systems.
[[0;32m  OK  [0m] Started LSB: Start/stop sysstat's sadc.
[[0;32m  OK  [0m] Started PostgreSQL Cluster 9.5-main.
[[0;32m  OK  [0m] Started Hold until boot process finishes up.
[[0;32m  OK  [0m] Started Terminate Plymouth Boot Screen.
[[0;32m  OK  [0m] Started Serial Getty on ttyS0.
[[0;32m  OK  [0m] Started Getty on tty1.
[[0;32m  OK  [0m] Reached target Login Prompts.
         Starting Set console scheme...
         Starting PostgreSQL RDBMS...
[[0;32m  OK  [0m] Started Set console scheme.
[[0;32m  OK  [0m] Started PostgreSQL RDBMS.
[[0;32m  OK  [0m] Reached target Multi-User System.
         Starting Execute cloud user/final scripts...
[[0;32m  OK  [0m] Reached target Graphical Interface.
         Starting Update UTMP about System Runlevel Changes...
[[0;32m  OK  [0m] Started Update UTMP about System Runlevel Changes.
[   42.646434] cloud-init[1257]: Cloud-init v. 17.1 running 'modules:final' at Fri, 16 Mar 2018 16:18:54 +0000. Up 42.49 seconds.
[   42.764494] cloud-init[1257]: Cloud-init v. 17.1 finished at Fri, 16 Mar 2018 16:18:54 +0000. Datasource DataSourceNoCloud [seed=/dev/sdb][dsmode=net].  Up 42.64 seconds
[[0;32m  OK  [0m] Started Execute cloud user/final scripts.
[[0;32m  OK  [0m] Reached target Cloud-init target.
         Starting Daily apt download activities...
         Stopping User Manager for UID 1000...
[[0;32m  OK  [0m] Stopped User Manager for UID 1000.
[[0;32m  OK  [0m] Removed slice User Slice of vagrant.

Ubuntu 16.04.3 LTS ubuntu-xenial ttyS0

ubuntu-xenial login: [[0;32m  OK  [0m] Started ACPI event daemon.
[[0;32m  OK  [0m] Stopped PostgreSQL RDBMS.
         Stopping PostgreSQL Cluster 9.5-main...
[[0;32m  OK  [0m] Stopped PostgreSQL Cluster 9.5-main.
[[0;32m  OK  [0m] Started ACPI event daemon.
[[0;32m  OK  [0m] Started ACPI event daemon.
         Starting PostgreSQL Cluster 9.5-main...
[[0;32m  OK  [0m] Started PostgreSQL Cluster 9.5-main.
         Starting PostgreSQL RDBMS...
[[0;32m  OK  [0m] Started PostgreSQL RDBMS.
[[0;32m  OK  [0m] Started Daily apt upgrade and clean activities.
[  372.262028] e1000 0000:00:03.0 enp0s3: Detected Tx Unit Hang
[  372.262028]   Tx Queue             <0>
[  372.262028]   TDH                  <98>
[  372.262028]   TDT                  <9a>
[  372.262028]   next_to_use          <9a>
[  372.262028]   next_to_clean        <98>
[  372.262028] buffer_info[next_to_clean]
[  372.262028]   time_stamp           <1000030d0>
[  372.262028]   next_to_watch        <99>
[  372.262028]   jiffies              <100003283>
[  372.262028]   next_to_watch.status <0>
[  374.264367] e1000 0000:00:03.0 enp0s3: Detected Tx Unit Hang
[  374.264367]   Tx Queue             <0>
[  374.264367]   TDH                  <98>
[  374.264367]   TDT                  <9a>
[  374.264367]   next_to_use          <9a>
[  374.264367]   next_to_clean        <98>
[  374.264367] buffer_info[next_to_clean]
[  374.264367]   time_stamp           <1000030d0>
[  374.264367]   next_to_watch        <99>
[  374.264367]   jiffies              <100003478>
[  374.264367]   next_to_watch.status <0>
[  376.268039] e1000 0000:00:03.0 enp0s3: Detected Tx Unit Hang
[  376.268039]   Tx Queue             <0>
[  376.268039]   TDH                  <98>
[  376.268039]   TDT                  <9a>
[  376.268039]   next_to_use          <9a>
[  376.268039]   next_to_clean        <98>
[  376.268039] buffer_info[next_to_clean]
[  376.268039]   time_stamp           <1000030d0>
[  376.268039]   next_to_watch        <99>
[  376.268039]   jiffies              <10000366d>
[  376.268039]   next_to_watch.status <0>
[  378.271568] e1000 0000:00:03.0 enp0s3: Detected Tx Unit Hang
[  378.271568]   Tx Queue             <0>
[  378.271568]   TDH                  <98>
[  378.271568]   TDT                  <9a>
[  378.271568]   next_to_use          <9a>
[  378.271568]   next_to_clean        <98>
[  378.271568] buffer_info[next_to_clean]
[  378.271568]   time_stamp           <1000030d0>
[  378.271568]   next_to_watch        <99>
[  378.271568]   jiffies              <100003862>
[  378.271568]   next_to_watch.status <0>
[  380.274077] e1000 0000:00:03.0 enp0s3: Detected Tx Unit Hang
[  380.274077]   Tx Queue             <0>
[  380.274077]   TDH                  <98>
[  380.274077]   TDT                  <9a>
[  380.274077]   next_to_use          <9a>
[  380.274077]   next_to_clean        <98>
[  380.274077] buffer_info[next_to_clean]
[  380.274077]   time_stamp           <1000030d0>
[  380.274077]   next_to_watch        <99>
[  380.274077]   jiffies              <100003a57>
[  380.274077]   next_to_watch.status <0>
[  380.357688] e1000 0000:00:03.0 enp0s3: Reset adapter
